<?xml version="1.0" encoding="UTF-8"?>
<testng-results skipped="0" failed="0" total="1" passed="1">
  <reporter-output>
  </reporter-output>
  <suite name="Default suite" duration-ms="87" started-at="2018-07-30T11:42:28Z" finished-at="2018-07-30T11:42:28Z">
    <groups>
    </groups>
    <test name="Default test" duration-ms="87" started-at="2018-07-30T11:42:28Z" finished-at="2018-07-30T11:42:28Z">
      <class name="com.actitimeproject.testscript.CreateprojectTest">
        <test-method status="PASS" signature="createNewCustomer()[pri:0, instance:com.actitimeproject.testscript.CreateprojectTest@457e2f02]" name="createNewCustomer" duration-ms="68" started-at="2018-07-30T17:12:28Z" finished-at="2018-07-30T17:12:28Z">
          <reporter-output>
          </reporter-output>
        </test-method> <!-- createNewCustomer -->
      </class> <!-- com.actitimeproject.testscript.CreateprojectTest -->
    </test> <!-- Default test -->
  </suite> <!-- Default suite -->
</testng-results>
